Determining if files /usr/X11R6/include/X11/extensions/XInput2.h exist failed with the following output:
Change Dir: /Users/alex/Coding/geosim/liquidfun/Box2D/CMakeFiles/CMakeTmp

Run Build Command:/usr/local/Cellar/cmake/2.8.9/bin/cmakexbuild -project CMAKE_TRY_COMPILE.xcodeproj build -target cmTryCompileExec2330999395 -configuration Debug
=== BUILD TARGET cmTryCompileExec2330999395 OF PROJECT CMAKE_TRY_COMPILE WITH CONFIGURATION Debug ===

Check dependencies

Write auxiliary files
/bin/mkdir -p /Users/alex/Coding/geosim/liquidfun/Box2D/CMakeFiles/CMakeTmp/CMAKE_TRY_COMPILE.build/Debug/cmTryCompileExec2330999395.build/Objects-normal/x86_64
write-file /Users/alex/Coding/geosim/liquidfun/Box2D/CMakeFiles/CMakeTmp/CMAKE_TRY_COMPILE.build/Debug/cmTryCompileExec2330999395.build/Objects-normal/x86_64/cmTryCompileExec2330999395.LinkFileList
write-file /Users/alex/Coding/geosim/liquidfun/Box2D/CMakeFiles/CMakeTmp/CMAKE_TRY_COMPILE.build/Debug/cmTryCompileExec2330999395.build/Script-FDB6618123054476874797F1.sh
chmod 0755 /Users/alex/Coding/geosim/liquidfun/Box2D/CMakeFiles/CMakeTmp/CMAKE_TRY_COMPILE.build/Debug/cmTryCompileExec2330999395.build/Script-FDB6618123054476874797F1.sh

CompileC CMAKE_TRY_COMPILE.build/Debug/cmTryCompileExec2330999395.build/Objects-normal/x86_64/CheckIncludeFiles.o CheckIncludeFiles.c normal x86_64 c com.apple.compilers.llvm.cl2015-01-24 19:28:34.702 xcodebuild[25384:313]  DVTAssertions: Warning in /SourceCache/IDEXcode3ProjectSupport/IDEXcode3ProjectSupport-5069/Xcode3Core/LegacyProjects/Frameworks/DevToolsCore/DevToolsCore/SpecificationTypes/BuiltInSpecifications/Compilers/XCGccMakefileDependencies.m:76
Details:  Failed to load dependencies output contents from ``/Users/alex/Coding/geosim/liquidfun/Box2D/CMakeFiles/CMakeTmp/CMAKE_TRY_COMPILE.build/Debug/cmTryCompileExec2330999395.build/Objects-normal/x86_64/CheckIncludeFiles.d''. Error: Error Domain=NSCocoaErrorDomain Code=260 "The file “CheckIncludeFiles.d” couldn’t be opened because there is no such file." UserInfo=0x7fe1b222e0a0 {NSFilePath=/Users/alex/Coding/geosim/liquidfun/Box2D/CMakeFiles/CMakeTmp/CMAKE_TRY_COMPILE.build/Debug/cmTryCompileExec2330999395.build/Objects-normal/x86_64/CheckIncludeFiles.d, NSUnderlyingError=0x7fe1b222d020 "The operation couldn’t be completed. No such file or directory"}. User info: {
    NSFilePath = "/Users/alex/Coding/geosim/liquidfunang.1_0.compiler
    cd /Users/alex/Coding/geosim/liquidfun/Box2D/CMakeFiles/CMakeTmp
    export LANG=en_US.US-ASCII
    /Applications/Xcode.app/Contents/Developer/Toolchains/XcodeDefault.xctoolchain/usr/bin/clang -x c -arch x86_64 -fmessage-length=0 -fdiagnostics-show-note-include-stack -fmacro-backtrace-limit=0 -Wno-trigraphs -fpascal-strings -O0 -Wno-missing-field-initializers -Wno-missing-prototypes -Wno-return-type -Wno-missing-braces -Wparentheses -Wswitch -Wno-unused-function -Wno-unused-label -Wno-unused-parameter -Wno-unused-variable -Wunused-value -Wno-empty-body -Wno-uninitialized -Wno-unknown-pragmas -Wno-shadow -Wno-four-char-constants -Wno-conversion -Wno-constant-conversion -Wno-int-conversion -Wno-bool-conversion -Wno-enum-conversion -Wno-shorten-64-to-32 -Wpointer-sign -Wno-newline-eof -DCMAKE_INTDIR=\"Debug\" -isysroot /Applications/Xcode.app/Contents/Developer/Platforms/MacOSX.platform/Developer/SDKs/MacOSX10.8.sdk -fasm-blocks -fstrict-aliasing -Wdeprecated-declarations -mmacosx-version-mi/Box2D/CMakeFiles/CMakeTmp/CMAKE_TRY_COMPILE.build/Debug/cmTryCompileExec2330999395.build/Objects-normal/x86_64/CheckIncludeFiles.d";
    NSUnderlyingError = "Error Domain=NSPOSIXErrorDomain Code=2 \"The operation couldn\U2019t be completed. No such file or directory\"";
}.
Function: void XCGccMakefileDependenciesParsePathsFromRuleFile(NSString *__strong, void (^__strong)(NSString *__strong))
Thread:   <NSThread: 0x7fe1b222e270>{name = (null), num = 9}
Please file a bug at http://bugreport.apple.com with this warning message and any useful information you can provide.
n=10.8 -g -Wno-sign-conversion -I/Users/alex/Coding/geosim/liquidfun/Box2D/CMakeFiles/CMakeTmp/Debug/include -I/Applications/Xcode.app/Contents/Developer/Toolchains/XcodeDefault.xctoolchain/usr/include -I/Users/alex/Coding/geosim/liquidfun/Box2D/CMakeFiles/CMakeTmp/CMAKE_TRY_COMPILE.build/Debug/cmTryCompileExec2330999395.build/DerivedSources/x86_64 -I/Users/alex/Coding/geosim/liquidfun/Box2D/CMakeFiles/CMakeTmp/CMAKE_TRY_COMPILE.build/Debug/cmTryCompileExec2330999395.build/DerivedSources -Wmost -Wno-four-char-constants -Wno-unknown-pragmas -F/Users/alex/Coding/geosim/liquidfun/Box2D/CMakeFiles/CMakeTmp/Debug -MMD -MT dependencies -MF /Users/alex/Coding/geosim/liquidfun/Box2D/CMakeFiles/CMakeTmp/CMAKE_TRY_COMPILE.build/Debug/cmTryCompileExec2330999395.build/Objects-normal/x86_64/CheckIncludeFiles.d --serialize-diagnostics /Users/alex/Coding/geosim/liquidfun/Box2D/CMakeFiles/CMakeTmp/CMAKE_TRY_COMPILE.build/Debug/cmTryCompileExec2330999395.build/Objects-normal/x86_64/CheckIncludeFiles.dia -c /Users/alex/Coding/geosim/liquidfun/Box2D/CMakeFiles/CMakeTmp/CheckIncludeFiles.c -o /Users/alex/Coding/geosim/liquidfun/Box2D/CMakeFiles/CMakeTmp/CMAKE_TRY_COMPILE.build/Debug/cmTryCompileExec2330999395.build/Objects-normal/x86_64/CheckIncludeFiles.o
In file included from /Users/alex/Coding/geosim/liquidfun/Box2D/CMakeFiles/CMakeTmp/CheckIncludeFiles.c:2:
/usr/X11R6/include/X11/extensions/XInput2.h:30:10: fatal error: 'X11/Xlib.h' file not found
#include <X11/Xlib.h>
         ^
1 error generated.

** BUILD FAILED **


The following build commands failed:
	CompileC CMAKE_TRY_COMPILE.build/Debug/cmTryCompileExec2330999395.build/Objects-normal/x86_64/CheckIncludeFiles.o CheckIncludeFiles.c normal x86_64 c com.apple.compilers.llvm.clang.1_0.compiler
(1 failure)

Source:
/* */
#include </usr/X11R6/include/X11/extensions/XInput2.h>


int main(){return 0;}

Determining if files usbhid.h exist failed with the following output:
Change Dir: /Users/alex/Coding/geosim/liquidfun/Box2D/CMakeFiles/CMakeTmp

Run Build Command:/usr/local/Cellar/cmake/2.8.9/bin/cmakexbuild -project CMAKE_TRY_COMPILE.xcodeproj build -target cmTryCompileExec141724881 -configuration Debug
=== BUILD TARGET cmTryCompileExec141724881 OF PROJECT CMAKE_TRY_COMPILE WITH CONFIGURATION Debug ===

Check dependencies

Write auxiliary files
/bin/mkdir -p /Users/alex/Coding/geosim/liquidfun/Box2D/CMakeFiles/CMakeTmp/CMAKE_TRY_COMPILE.build/Debug/cmTryCompileExec141724881.build/Objects-normal/x86_64
write-file /Users/alex/Coding/geosim/liquidfun/Box2D/CMakeFiles/CMakeTmp/CMAKE_TRY_COMPILE.build/Debug/cmTryCompileExec141724881.build/Objects-normal/x86_64/cmTryCompileExec141724881.LinkFileList
write-file /Users/alex/Coding/geosim/liquidfun/Box2D/CMakeFiles/CMakeTmp/CMAKE_TRY_COMPILE.build/Debug/cmTryCompileExec141724881.build/Script-892A418ED37F479B89EF4C78.sh
chmod 0755 /Users/alex/Coding/geosim/liquidfun/Box2D/CMakeFiles/CMakeTmp/CMAKE_TRY_COMPILE.build/Debug/cmTryCompileExec141724881.build/Script-892A418ED37F479B89EF4C78.sh

CompileC CMAKE_TRY_COMPILE.build/Debug/cmTryCompileExec141724881.build/Objects-normal/x86_64/CheckIncludeFiles.o CheckIncludeFiles.c normal x86_64 c com.apple.compilers.llvm.clang.1_02015-01-24 19:28:39.038 xcodebuild[25576:3f0b]  DVTAssertions: Warning in /SourceCache/IDEXcode3ProjectSupport/IDEXcode3ProjectSupport-5069/Xcode3Core/LegacyProjects/Frameworks/DevToolsCore/DevToolsCore/SpecificationTypes/BuiltInSpecifications/Compilers/XCGccMakefileDependencies.m:76
Details:  Failed to load dependencies output contents from ``/Users/alex/Coding/geosim/liquidfun/Box2D/CMakeFiles/CMakeTmp/CMAKE_TRY_COMPILE.build/Debug/cmTryCompileExec141724881.build/Objects-normal/x86_64/CheckIncludeFiles.d''. Error: Error Domain=NSCocoaErrorDomain Code=260 "The file “CheckIncludeFiles.d” couldn’t be opened because there is no such file." UserInfo=0x7ffa7347f520 {NSFilePath=/Users/alex/Coding/geosim/liquidfun/Box2D/CMakeFiles/CMakeTmp/CMAKE_TRY_COMPILE.build/Debug/cmTryCompileExec141724881.build/Objects-normal/x86_64/CheckIncludeFiles.d, NSUnderlyingError=0x7ffa7347ffc0 "The operation couldn’t be completed. No such file or directory"}. User info: {
    NSFilePath = "/Users/alex/Coding/geosim/liquidfun/.compiler
    cd /Users/alex/Coding/geosim/liquidfun/Box2D/CMakeFiles/CMakeTmp
    export LANG=en_US.US-ASCII
    /Applications/Xcode.app/Contents/Developer/Toolchains/XcodeDefault.xctoolchain/usr/bin/clang -x c -arch x86_64 -fmessage-length=0 -fdiagnostics-show-note-include-stack -fmacro-backtrace-limit=0 -Wno-trigraphs -fpascal-strings -O0 -Wno-missing-field-initializers -Wno-missing-prototypes -Wno-return-type -Wno-missing-braces -Wparentheses -Wswitch -Wno-unused-function -Wno-unused-label -Wno-unused-parameter -Wno-unused-variable -Wunused-value -Wno-empty-body -Wno-uninitialized -Wno-unknown-pragmas -Wno-shadow -Wno-four-char-constants -Wno-conversion -Wno-constant-conversion -Wno-int-conversion -Wno-bool-conversion -Wno-enum-conversion -Wno-shorten-64-to-32 -Wpointer-sign -Wno-newline-eof -DCMAKE_INTDIR=\"Debug\" -isysroot /Applications/Xcode.app/Contents/Developer/Platforms/MacOSX.platform/Developer/SDKs/MacOSX10.8.sdk -fasm-blocks -fstrict-aliasing -Wdeprecated-declarations -mmacosx-version-min=10.8 Box2D/CMakeFiles/CMakeTmp/CMAKE_TRY_COMPILE.build/Debug/cmTryCompileExec141724881.build/Objects-normal/x86_64/CheckIncludeFiles.d";
    NSUnderlyingError = "Error Domain=NSPOSIXErrorDomain Code=2 \"The operation couldn\U2019t be completed. No such file or directory\"";
}.
Function: void XCGccMakefileDependenciesParsePathsFromRuleFile(NSString *__strong, void (^__strong)(NSString *__strong))
Thread:   <NSThread: 0x7ffa7347f070>{name = (null), num = 9}
Please file a bug at http://bugreport.apple.com with this warning message and any useful information you can provide.
-g -Wno-sign-conversion -I/Users/alex/Coding/geosim/liquidfun/Box2D/CMakeFiles/CMakeTmp/Debug/include -I/Applications/Xcode.app/Contents/Developer/Toolchains/XcodeDefault.xctoolchain/usr/include -I/Users/alex/Coding/geosim/liquidfun/Box2D/CMakeFiles/CMakeTmp/CMAKE_TRY_COMPILE.build/Debug/cmTryCompileExec141724881.build/DerivedSources/x86_64 -I/Users/alex/Coding/geosim/liquidfun/Box2D/CMakeFiles/CMakeTmp/CMAKE_TRY_COMPILE.build/Debug/cmTryCompileExec141724881.build/DerivedSources -Wmost -Wno-four-char-constants -Wno-unknown-pragmas -F/Users/alex/Coding/geosim/liquidfun/Box2D/CMakeFiles/CMakeTmp/Debug -MMD -MT dependencies -MF /Users/alex/Coding/geosim/liquidfun/Box2D/CMakeFiles/CMakeTmp/CMAKE_TRY_COMPILE.build/Debug/cmTryCompileExec141724881.build/Objects-normal/x86_64/CheckIncludeFiles.d --serialize-diagnostics /Users/alex/Coding/geosim/liquidfun/Box2D/CMakeFiles/CMakeTmp/CMAKE_TRY_COMPILE.build/Debug/cmTryCompileExec141724881.build/Objects-normal/x86_64/CheckIncludeFiles.dia -c /Users/alex/Coding/geosim/liquidfun/Box2D/CMakeFiles/CMakeTmp/CheckIncludeFiles.c -o /Users/alex/Coding/geosim/liquidfun/Box2D/CMakeFiles/CMakeTmp/CMAKE_TRY_COMPILE.build/Debug/cmTryCompileExec141724881.build/Objects-normal/x86_64/CheckIncludeFiles.o
/Users/alex/Coding/geosim/liquidfun/Box2D/CMakeFiles/CMakeTmp/CheckIncludeFiles.c:2:10: fatal error: 'usbhid.h' file not found
#include <usbhid.h>
         ^
1 error generated.

** BUILD FAILED **


The following build commands failed:
	CompileC CMAKE_TRY_COMPILE.build/Debug/cmTryCompileExec141724881.build/Objects-normal/x86_64/CheckIncludeFiles.o CheckIncludeFiles.c normal x86_64 c com.apple.compilers.llvm.clang.1_0.compiler
(1 failure)

Source:
/* */
#include <usbhid.h>


int main(){return 0;}

Determining if the function _doprnt exists failed with the following output:
Change Dir: /Users/alex/Coding/geosim/liquidfun/Box2D/CMakeFiles/CMakeTmp

Run Build Command:/usr/local/Cellar/cmake/2.8.9/bin/cmakexbuild -project CMAKE_TRY_COMPILE.xcodeproj build -target cmTryCompileExec4102254535 -configuration Debug
=== BUILD TARGET cmTryCompileExec4102254535 OF PROJECT CMAKE_TRY_COMPILE WITH CONFIGURATION Debug ===

Check dependencies

Write auxiliary files
/bin/mkdir -p /Users/alex/Coding/geosim/liquidfun/Box2D/CMakeFiles/CMakeTmp/CMAKE_TRY_COMPILE.build/Debug/cmTryCompileExec4102254535.build
write-file /Users/alex/Coding/geosim/liquidfun/Box2D/CMakeFiles/CMakeTmp/CMAKE_TRY_COMPILE.build/Debug/cmTryCompileExec4102254535.build/Script-F83D98854E8C4D79AC90087D.sh
chmod 0755 /Users/alex/Coding/geosim/liquidfun/Box2D/CMakeFiles/CMakeTmp/CMAKE_TRY_COMPILE.build/Debug/cmTryCompileExec4102254535.build/Script-F83D98854E8C4D79AC90087D.sh
/bin/mkdir -p /Users/alex/Coding/geosim/liquidfun/Box2D/CMakeFiles/CMakeTmp/CMAKE_TRY_COMPILE.build/Debug/cmTryCompileExec4102254535.build/Objects-normal/x86_64
write-file /Users/alex/Coding/geosim/liquidfun/Box2D/CMakeFiles/CMakeTmp/CMAKE_TRY_COMPILE.build/Debug/cmTryCompileExec4102254535.build/Objects-normal/x86_64/cmTryCompileExec4102254535.LinkFileList

CompileC CMAKE_TRY_COMPILE.build/Debug** BUILD FAILED **


The following build commands failed:
	Ld Debug/cmTryCompileExec4102254535 normal x86_64
(1 failure)
/cmTryCompileExec4102254535.build/Objects-normal/x86_64/CheckFunctionExists.o /usr/local/Cellar/cmake/2.8.9/share/cmake/Modules/CheckFunctionExists.c normal x86_64 c com.apple.compilers.llvm.clang.1_0.compiler
    cd /Users/alex/Coding/geosim/liquidfun/Box2D/CMakeFiles/CMakeTmp
    export LANG=en_US.US-ASCII
    /Applications/Xcode.app/Contents/Developer/Toolchains/XcodeDefault.xctoolchain/usr/bin/clang -x c -arch x86_64 -fmessage-length=0 -fdiagnostics-show-note-include-stack -fmacro-backtrace-limit=0 -Wno-trigraphs -fpascal-strings -O0 -Wno-missing-field-initializers -Wno-missing-prototypes -Wno-return-type -Wno-missing-braces -Wparentheses -Wswitch -Wno-unused-function -Wno-unused-label -Wno-unused-parameter -Wno-unused-variable -Wunused-value -Wno-empty-body -Wno-uninitialized -Wno-unknown-pragmas -Wno-shadow -Wno-four-char-constants -Wno-conversion -Wno-constant-conversion -Wno-int-conversion -Wno-bool-conversion -Wno-enum-conversion -Wno-shorten-64-to-32 -Wpointer-sign -Wno-newline-eof -DCMAKE_INTDIR=\"Debug\" -isysroot /Applications/Xcode.app/Contents/Developer/Platforms/MacOSX.platform/Developer/SDKs/MacOSX10.8.sdk -fasm-blocks -fstrict-aliasing -Wdeprecated-declarations -mmacosx-version-min=10.8 -g -Wno-sign-conversion -I/Users/alex/Coding/geosim/liquidfun/Box2D/CMakeFiles/CMakeTmp/Debug/include -I/Applications/Xcode.app/Contents/Developer/Toolchains/XcodeDefault.xctoolchain/usr/include -I/Users/alex/Coding/geosim/liquidfun/Box2D/CMakeFiles/CMakeTmp/CMAKE_TRY_COMPILE.build/Debug/cmTryCompileExec4102254535.build/DerivedSources/x86_64 -I/Users/alex/Coding/geosim/liquidfun/Box2D/CMakeFiles/CMakeTmp/CMAKE_TRY_COMPILE.build/Debug/cmTryCompileExec4102254535.build/DerivedSources -Wmost -Wno-four-char-constants -Wno-unknown-pragmas -F/Users/alex/Coding/geosim/liquidfun/Box2D/CMakeFiles/CMakeTmp/Debug -DCHECK_FUNCTION_EXISTS=_doprnt -MMD -MT dependencies -MF /Users/alex/Coding/geosim/liquidfun/Box2D/CMakeFiles/CMakeTmp/CMAKE_TRY_COMPILE.build/Debug/cmTryCompileExec4102254535.build/Objects-normal/x86_64/CheckFunctionExists.d --serialize-diagnostics /Users/alex/Coding/geosim/liquidfun/Box2D/CMakeFiles/CMakeTmp/CMAKE_TRY_COMPILE.build/Debug/cmTryCompileExec4102254535.build/Objects-normal/x86_64/CheckFunctionExists.dia -c /usr/local/Cellar/cmake/2.8.9/share/cmake/Modules/CheckFunctionExists.c -o /Users/alex/Coding/geosim/liquidfun/Box2D/CMakeFiles/CMakeTmp/CMAKE_TRY_COMPILE.build/Debug/cmTryCompileExec4102254535.build/Objects-normal/x86_64/CheckFunctionExists.o

Ld Debug/cmTryCompileExec4102254535 normal x86_64
    cd /Users/alex/Coding/geosim/liquidfun/Box2D/CMakeFiles/CMakeTmp
    export MACOSX_DEPLOYMENT_TARGET=10.8
    /Applications/Xcode.app/Contents/Developer/Toolchains/XcodeDefault.xctoolchain/usr/bin/clang -arch x86_64 -isysroot /Applications/Xcode.app/Contents/Developer/Platforms/MacOSX.platform/Developer/SDKs/MacOSX10.8.sdk -L/Users/alex/Coding/geosim/liquidfun/Box2D/CMakeFiles/CMakeTmp/Debug -F/Users/alex/Coding/geosim/liquidfun/Box2D/CMakeFiles/CMakeTmp/Debug -filelist /Users/alex/Coding/geosim/liquidfun/Box2D/CMakeFiles/CMakeTmp/CMAKE_TRY_COMPILE.build/Debug/cmTryCompileExec4102254535.build/Objects-normal/x86_64/cmTryCompileExec4102254535.LinkFileList -mmacosx-version-min=10.8 -Wl,-search_paths_first -Wl,-headerpad_max_install_names -lm -Xlinker -dependency_info -Xlinker /Users/alex/Coding/geosim/liquidfun/Box2D/CMakeFiles/CMakeTmp/CMAKE_TRY_COMPILE.build/Debug/cmTryCompileExec4102254535.build/Objects-normal/x86_64/cmTryCompileExec4102254535_dependency_info.dat -o /Users/alex/Coding/geosim/liquidfun/Box2D/CMakeFiles/CMakeTmp/Debug/cmTryCompileExec4102254535
Undefined symbols for architecture x86_64:
  "__doprnt", referenced from:
      _main in CheckFunctionExists.o
ld: symbol(s) not found for architecture x86_64
clang: error: linker command failed with exit code 1 (use -v to see invocation)



Determining if the function XParseGeometry exists failed with the following output:
Change Dir: /Users/alex/Coding/geosim/liquidfun/Box2D/CMakeFiles/CMakeTmp

Run Build Command:/usr/local/Cellar/cmake/2.8.9/bin/cmakexbuild -project CMAKE_TRY_COMPILE.xcodeproj build -target cmTryCompileExec3502453673 -configuration Debug
=== BUILD TARGET cmTryCompileExec3502453673 OF PROJECT CMAKE_TRY_COMPILE WITH CONFIGURATION Debug ===

Check dependencies

Write auxiliary files
/bin/mkdir -p /Users/alex/Coding/geosim/liquidfun/Box2D/CMakeFiles/CMakeTmp/CMAKE_TRY_COMPILE.build/Debug/cmTryCompileExec3502453673.build/Objects-normal/x86_64
write-file /Users/alex/Coding/geosim/liquidfun/Box2D/CMakeFiles/CMakeTmp/CMAKE_TRY_COMPILE.build/Debug/cmTryCompileExec3502453673.build/Objects-normal/x86_64/cmTryCompileExec3502453673.LinkFileList
write-file /Users/alex/Coding/geosim/liquidfun/Box2D/CMakeFiles/CMakeTmp/CMAKE_TRY_COMPILE.build/Debug/cmTryCompileExec3502453673.build/Script-B792ECEE5906430FA9B70A0A.sh
chmod 0755 /Users/alex/Coding/geosim/liquidfun/Box2D/CMakeFiles/CMakeTmp/CMAKE_TRY_COMPILE.build/Debug/cmTryCompileExec3502453673.build/Script-B792ECEE5906430FA9B70A0A.sh

CompileC CMAKE_TRY_COMPILE.build/Debug/cmTryCompileExec3502453673.build/Objects-normal/x86_64/CheckFunctionExists.o /usr/local/Cellar/cmake/2.8.9/share/cmake/Modules/CheckFuncti** BUILD FAILED **


The following build commands failed:
	Ld Debug/cmTryCompileExec3502453673 normal x86_64
(1 failure)
onExists.c normal x86_64 c com.apple.compilers.llvm.clang.1_0.compiler
    cd /Users/alex/Coding/geosim/liquidfun/Box2D/CMakeFiles/CMakeTmp
    export LANG=en_US.US-ASCII
    /Applications/Xcode.app/Contents/Developer/Toolchains/XcodeDefault.xctoolchain/usr/bin/clang -x c -arch x86_64 -fmessage-length=0 -fdiagnostics-show-note-include-stack -fmacro-backtrace-limit=0 -Wno-trigraphs -fpascal-strings -O0 -Wno-missing-field-initializers -Wno-missing-prototypes -Wno-return-type -Wno-missing-braces -Wparentheses -Wswitch -Wno-unused-function -Wno-unused-label -Wno-unused-parameter -Wno-unused-variable -Wunused-value -Wno-empty-body -Wno-uninitialized -Wno-unknown-pragmas -Wno-shadow -Wno-four-char-constants -Wno-conversion -Wno-constant-conversion -Wno-int-conversion -Wno-bool-conversion -Wno-enum-conversion -Wno-shorten-64-to-32 -Wpointer-sign -Wno-newline-eof -DCMAKE_INTDIR=\"Debug\" -isysroot /Applications/Xcode.app/Contents/Developer/Platforms/MacOSX.platform/Developer/SDKs/MacOSX10.8.sdk -fasm-blocks -fstrict-aliasing -Wdeprecated-declarations -mmacosx-version-min=10.8 -g -Wno-sign-conversion -I/Users/alex/Coding/geosim/liquidfun/Box2D/CMakeFiles/CMakeTmp/Debug/include -I/Applications/Xcode.app/Contents/Developer/Toolchains/XcodeDefault.xctoolchain/usr/include -I/Users/alex/Coding/geosim/liquidfun/Box2D/CMakeFiles/CMakeTmp/CMAKE_TRY_COMPILE.build/Debug/cmTryCompileExec3502453673.build/DerivedSources/x86_64 -I/Users/alex/Coding/geosim/liquidfun/Box2D/CMakeFiles/CMakeTmp/CMAKE_TRY_COMPILE.build/Debug/cmTryCompileExec3502453673.build/DerivedSources -Wmost -Wno-four-char-constants -Wno-unknown-pragmas -F/Users/alex/Coding/geosim/liquidfun/Box2D/CMakeFiles/CMakeTmp/Debug -DCHECK_FUNCTION_EXISTS=XParseGeometry -MMD -MT dependencies -MF /Users/alex/Coding/geosim/liquidfun/Box2D/CMakeFiles/CMakeTmp/CMAKE_TRY_COMPILE.build/Debug/cmTryCompileExec3502453673.build/Objects-normal/x86_64/CheckFunctionExists.d --serialize-diagnostics /Users/alex/Coding/geosim/liquidfun/Box2D/CMakeFiles/CMakeTmp/CMAKE_TRY_COMPILE.build/Debug/cmTryCompileExec3502453673.build/Objects-normal/x86_64/CheckFunctionExists.dia -c /usr/local/Cellar/cmake/2.8.9/share/cmake/Modules/CheckFunctionExists.c -o /Users/alex/Coding/geosim/liquidfun/Box2D/CMakeFiles/CMakeTmp/CMAKE_TRY_COMPILE.build/Debug/cmTryCompileExec3502453673.build/Objects-normal/x86_64/CheckFunctionExists.o

Ld Debug/cmTryCompileExec3502453673 normal x86_64
    cd /Users/alex/Coding/geosim/liquidfun/Box2D/CMakeFiles/CMakeTmp
    export MACOSX_DEPLOYMENT_TARGET=10.8
    /Applications/Xcode.app/Contents/Developer/Toolchains/XcodeDefault.xctoolchain/usr/bin/clang -arch x86_64 -isysroot /Applications/Xcode.app/Contents/Developer/Platforms/MacOSX.platform/Developer/SDKs/MacOSX10.8.sdk -L/Users/alex/Coding/geosim/liquidfun/Box2D/CMakeFiles/CMakeTmp/Debug -F/Users/alex/Coding/geosim/liquidfun/Box2D/CMakeFiles/CMakeTmp/Debug -filelist /Users/alex/Coding/geosim/liquidfun/Box2D/CMakeFiles/CMakeTmp/CMAKE_TRY_COMPILE.build/Debug/cmTryCompileExec3502453673.build/Objects-normal/x86_64/cmTryCompileExec3502453673.LinkFileList -mmacosx-version-min=10.8 -Wl,-search_paths_first -Wl,-headerpad_max_install_names -lm -Xlinker -dependency_info -Xlinker /Users/alex/Coding/geosim/liquidfun/Box2D/CMakeFiles/CMakeTmp/CMAKE_TRY_COMPILE.build/Debug/cmTryCompileExec3502453673.build/Objects-normal/x86_64/cmTryCompileExec3502453673_dependency_info.dat -o /Users/alex/Coding/geosim/liquidfun/Box2D/CMakeFiles/CMakeTmp/Debug/cmTryCompileExec3502453673
Undefined symbols for architecture x86_64:
  "_XParseGeometry", referenced from:
      _main in CheckFunctionExists.o
ld: symbol(s) not found for architecture x86_64
clang: error: linker command failed with exit code 1 (use -v to see invocation)



